<?xml version="1.0" encoding="UTF-8"?>
<testsuite xmlns:xsi="http://www.w3.org/2001/XMLSchema-instance" xsi:noNamespaceSchemaLocation="https://maven.apache.org/surefire/maven-surefire-plugin/xsd/surefire-test-report-3.0.xsd" version="3.0" name="se.iths.RunLibraryTest" time="0.025" tests="6" errors="0" skipped="0" failures="0">
  <properties>
[...]
</properties>
  <testcase name="savedRunShouldHaveUniqueID" classname="se.iths.RunLibraryTest" time="0.002"/>
  <testcase name="tenKmDividedByTwoEqualsFiveKmAverageDistance" classname="se.iths.RunLibraryTest" time="0.0"/>
  <testcase name="ifRunExistsDeleteAndReturnSuccessStatement" classname="se.iths.RunLibraryTest" time="0.01"/>
  <testcase name="ifRunDoesntExistReturnFailureStatement" classname="se.iths.RunLibraryTest" time="0.005"/>
  <testcase name="runDetailsAreFetchedCorrectly" classname="se.iths.RunLibraryTest" time="0.002"/>
  <testcase name="fourKmPlusSixKmEqualsTenKm" classname="se.iths.RunLibraryTest" time="0.0"/>
</testsuite>