<?xml version="1.0" encoding="UTF-8"?>
<testsuite xmlns:xsi="http://www.w3.org/2001/XMLSchema-instance" xsi:noNamespaceSchemaLocation="https://maven.apache.org/surefire/maven-surefire-plugin/xsd/surefire-test-report-3.0.xsd" version="3.0" name="se.iths.MainMenuTest" time="2.303" tests="11" errors="0" skipped="0" failures="0">
  <properties>
[...]
</properties>
  <testcase name="enteredDistanceIsReturnedByMethod" classname="se.iths.MainMenuTest" time="2.118">
    <system-out><![CDATA[Ange löprundans distans: 
]]></system-out>
  </testcase>
  <testcase name="enteredWeightGetsReturned" classname="se.iths.MainMenuTest" time="0.006">
    <system-out><![CDATA[Ange din vikt (kg): 
]]></system-out>
  </testcase>
  <testcase name="enteredDateIsReturnedByMethod" classname="se.iths.MainMenuTest" time="0.004">
    <system-out><![CDATA[Ange datumet för löprundan (YYYY-MM-DD): 
]]></system-out>
  </testcase>
  <testcase name="ifEnteredDateEmptyReturnTodaysDate" classname="se.iths.MainMenuTest" time="0.011">
    <system-out><![CDATA[Ange datumet för löprundan (YYYY-MM-DD): 
]]></system-out>
  </testcase>
  <testcase name="enteredTimeIsReturnedByMethod" classname="se.iths.MainMenuTest" time="0.006">
    <system-out><![CDATA[Ange löprundans tid (H:M:S): 
]]></system-out>
  </testcase>
  <testcase name="enteredHeightGetsReturned" classname="se.iths.MainMenuTest" time="0.011">
    <system-out><![CDATA[Ange din längd (cm): 
]]></system-out>
  </testcase>
  <testcase name="splitRunTimeToArrayWithElements0and12and30" classname="se.iths.MainMenuTest" time="0.005"/>
  <testcase name="ifEntered20220101ReturnSameDate" classname="se.iths.MainMenuTest" time="0.008">
    <system-out><![CDATA[Ange datumet för löprundan (YYYY-MM-DD): 
]]></system-out>
  </testcase>
  <testcase name="whenUserTypesInOneRunOneGetsSelectedForDeletion" classname="se.iths.MainMenuTest" time="0.0">
    <system-out><![CDATA[Ange ID-numret på den löprundan du vill radera från historiken: 
]]></system-out>
  </testcase>
  <testcase name="whenUserTypesInOneRunOneGetsSelectedForDetailViewing" classname="se.iths.MainMenuTest" time="0.004">
    <system-out><![CDATA[Ange ID-numret på den löprundan du vill se detaljer för: 
]]></system-out>
  </testcase>
  <testcase name="enteredHeight180AndWeight60ReturnsBMIEighteenPointFive" classname="se.iths.MainMenuTest" time="0.008">
    <system-out><![CDATA[Ange din längd (cm): 
Ange din vikt (kg): 
]]></system-out>
  </testcase>
</testsuite>